#
# A fatal error has been detected by the Java Runtime Environment:
#
#  EXCEPTION_ACCESS_VIOLATION (0xc0000005) at pc=0x00007fffa49e3004, pid=7412, tid=29620
#
# JRE version: OpenJDK Runtime Environment (24.0+36) (build 24+36-3646)
# Java VM: OpenJDK 64-Bit Server VM (24+36-3646, mixed mode, emulated-client, sharing, tiered, compressed oops, compressed class ptrs, g1 gc, windows-amd64)
# Problematic frame:
# C  [libasyncProfiler.dll+0x93004]
#
# No core dump will be written. Minidumps are not enabled by default on client versions of Windows
#
# JFR recording file will be written. Location: C:\Users\Sivert\Skole\semester 4\WebAndApplication-group-18\MappeAppWeb\hs_err_pid7412.jfr
#
# If you would like to submit a bug report, please visit:
#   https://bugreport.java.com/bugreport/crash.jsp
# The crash happened outside the Java Virtual Machine in native code.
# See problematic frame for where to report the bug.
#

---------------  S U M M A R Y ------------

Command Line: -XX:TieredStopAtLevel=1 -Dspring.output.ansi.enabled=always -Dcom.sun.management.jmxremote -Dspring.jmx.enabled=true -Dspring.liveBeansView.mbeanDomain -Dspring.application.admin.enabled=true -Dmanagement.endpoints.jmx.exposure.include=* -javaagent:C:\Program Files\JetBrains\IntelliJ IDEA 2023.2.1\lib\idea_rt.jar=62460 -agentpath:C:\Users\Sivert\AppData\Local\Temp\idea_libasyncProfiler_dll_temp_folder\libasyncProfiler.dll=start,jfr,event=wall,interval=10ms,jfrsync=profile,cstack=no,file=C:\Users\Sivert\IdeaSnapshots\mappeAppWebApplication_2025_04_08_150751.jfr,dbghelppath=C:\Users\Sivert\AppData\Local\Temp\idea_dbghelp_dll_temp_folder\dbghelp.dll,log=C:\Users\Sivert\AppData\Local\Temp\mappeAppWebApplication_2025_04_08_150751.jfr.log.txt,logLevel=DEBUG -Dfile.encoding=UTF-8 -Dsun.stdout.encoding=UTF-8 -Dsun.stderr.encoding=UTF-8 MappeAppWeb.mappeAppWebApplication

Host: 12th Gen Intel(R) Core(TM) i5-12500H, 16 cores, 15G,  Windows 11 , 64 bit Build 22621 (10.0.22621.4974)
Time: Tue Apr  8 15:07:51 2025 Vest-Europa (sommertid) elapsed time: 0.400599 seconds (0d 0h 0m 0s)

---------------  T H R E A D  ---------------

Current thread (0x0000023d90abc340):  JavaThread "main"             [_thread_in_native, id=29620, stack(0x000000e646000000,0x000000e646100000) (1024K)]

Stack: [0x000000e646000000,0x000000e646100000],  sp=0x000000e6460fe510,  free space=1017k
Native frames: (J=compiled Java code, j=interpreted, Vv=VM code, C=native code)
C  [libasyncProfiler.dll+0x93004]  (no source info available)
C  [libasyncProfiler.dll+0x934db]  (no source info available)
C  [libasyncProfiler.dll+0x92134]  (no source info available)
C  [libasyncProfiler.dll+0x929aa]  (no source info available)
C  [libasyncProfiler.dll+0x8d561]  (no source info available)
C  [libasyncProfiler.dll+0x7ef21]  (no source info available)
C  [libasyncProfiler.dll+0x7dc38]  (no source info available)
C  [libasyncProfiler.dll+0x7db20]  (no source info available)
C  [libasyncProfiler.dll+0x83c3c]  (no source info available)
V  [jvm.dll+0x5e3a5e]  (no source info available)
V  [jvm.dll+0x8861e6]  (no source info available)
V  [jvm.dll+0x49604e]  (no source info available)
V  [jvm.dll+0x497e21]  (no source info available)
C  [jli.dll+0x52a1]  (no source info available)
C  [ucrtbase.dll+0x29333]  (no source info available)
C  [KERNEL32.DLL+0x1259d]  (no source info available)
C  [ntdll.dll+0x5af38]  (no source info available)


siginfo: EXCEPTION_ACCESS_VIOLATION (0xc0000005), reading address 0xffffffffffffffff


Registers:
RAX=0x0000000000000010, RBX=0x0000000000000000, RCX=0xffffffffffffffff, RDX=0x007fff67332ff010
RSP=0x000000e6460fe510, RBP=0x0000023ded1cf908, RSI=0x000000e6460fe680, RDI=0x0000023ded1cf908
R8 =0x0000000000000042, R9 =0x0000000715801ee8, R10=0x00007fff675a9fc0, R11=0x0000000000000002
R12=0x000000e6460fe680, R13=0x0000023d92f04670, R14=0x0000023d90abc708, R15=0x0000023d90abc708
RIP=0x00007fffa49e3004, EFLAGS=0x0000000000010202

XMM[0]=0x0000000000000000 0x0000000000000000
XMM[1]=0x0000000000000000 0x0000000000000000
XMM[2]=0x0000000000000000 0x0000000000000000
XMM[3]=0x0000000000000000 0x0000000000000000
XMM[4]=0x0000000000000000 0x0000000000000000
XMM[5]=0x0000000000000000 0x0000000000000000
XMM[6]=0x0000000000000000 0x0000000000000000
XMM[7]=0x0000000000000000 0x0000000000000000
XMM[8]=0x0000000000000000 0x0000000000000000
XMM[9]=0x0000000000000000 0x0000000000000000
XMM[10]=0x0000000000000000 0x0000000000000000
XMM[11]=0x0000000000000000 0x0000000000000000
XMM[12]=0x0000000000000000 0x0000000000000000
XMM[13]=0x0000000000000000 0x0000000000000000
XMM[14]=0x0000000000000000 0x0000000000000000
XMM[15]=0x0000000000000000 0x0000000000000000
  MXCSR=0x00001fa0


Register to memory mapping:

RAX=0x0000000000000010 is an unknown value
RBX=0x0 is null
RCX=0xffffffffffffffff is an unknown value
RDX=0x007fff67332ff010 is an unknown value
RSP=0x000000e6460fe510 is pointing into the stack for thread: 0x0000023d90abc340
RBP=0x0000023ded1cf908 points into unknown readable memory: 0x0000000715801ee8 | e8 1e 80 15 07 00 00 00
RSI=0x000000e6460fe680 is pointing into the stack for thread: 0x0000023d90abc340
RDI=0x0000023ded1cf908 points into unknown readable memory: 0x0000000715801ee8 | e8 1e 80 15 07 00 00 00
R8 =0x0000000000000042 is an unknown value
R9 =0x0000000715801ee8 is an oop: java.lang.Thread 
{0x0000000715801ee8} - klass: 'java/lang/Thread' - flags: 

 - ---- fields (total size 14 words):
 - 'threadLocalRandomProbe' 'I' @12  0 (0x00000000)
 - private volatile 'eetop' 'J' @16  2463443436352 (0x0000023d90abc340)
 - private final 'tid' 'J' @24  3 (0x0000000000000003)
 - 'threadLocalRandomSeed' 'J' @32  0 (0x0000000000000000)
 - injected 'jvmti_thread_state' 'J' @40  2463828380368 (0x0000023da79d8ad0)
 - 'threadLocalRandomSecondarySeed' 'I' @48  0 (0x00000000)
 - injected 'jvmti_VTMS_transition_disable_count' 'I' @52  0 (0x00000000)
 - injected 'jfr_epoch' 'S' @56  0 (0x0000)
 - volatile 'interrupted' 'Z' @58  false (0x00)
 - injected 'jvmti_is_in_VTMS_transition' 'Z' @59  false (0x00)
 - private volatile 'name' 'Ljava/lang/String;' @60  "main"{0x0000000715801f58} (0xe2b003eb)
 - private volatile 'contextClassLoader' 'Ljava/lang/ClassLoader;' @64  a 'jdk/internal/loader/ClassLoaders$AppClassLoader'{0x0000000715833bb0} (0xe2b06776)
 - private final 'holder' 'Ljava/lang/Thread$FieldHolder;' @68  a 'java/lang/Thread$FieldHolder'{0x0000000715801f98} (0xe2b003f3)
 - 'threadLocals' 'Ljava/lang/ThreadLocal$ThreadLocalMap;' @72  a 'java/lang/ThreadLocal$ThreadLocalMap'{0x0000000715751120} (0xe2aea224)
 - 'inheritableThreadLocals' 'Ljava/lang/ThreadLocal$ThreadLocalMap;' @76  null (0x00000000)
 - private 'scopedValueBindings' 'Ljava/lang/Object;' @80  a 'java/lang/Class'{0x00000007ffe7c280} = 'java/lang/Thread' (0xfffcf850)
 - final 'interruptLock' 'Ljava/lang/Object;' @84  a 'java/lang/Object'{0x0000000715801f88} (0xe2b003f1)
 - private volatile 'parkBlocker' 'Ljava/lang/Object;' @88  null (0x00000000)
 - private 'nioBlocker' 'Lsun/nio/ch/Interruptible;' @92  null (0x00000000)
 - private 'cont' 'Ljdk/internal/vm/Continuation;' @96  null (0x00000000)
 - private volatile 'uncaughtExceptionHandler' 'Ljava/lang/Thread$UncaughtExceptionHandler;' @100  null (0x00000000)
 - private 'container' 'Ljdk/internal/vm/ThreadContainer;' @104  null (0x00000000)
 - private volatile 'headStackableScopes' 'Ljdk/internal/vm/StackableScope;' @108  null (0x00000000)
R10=0x00007fff675a9fc0 jvm.dll
R11=0x0000000000000002 is an unknown value
R12=0x000000e6460fe680 is pointing into the stack for thread: 0x0000023d90abc340
R13=0x0000023d92f04670 points into unknown readable memory: 0x00007fff6751a510 | 10 a5 51 67 ff 7f 00 00
R14=0x0000023d90abc708 points into unknown readable memory: 0x00007fff675117b0 | b0 17 51 67 ff 7f 00 00
R15=0x0000023d90abc708 points into unknown readable memory: 0x00007fff675117b0 | b0 17 51 67 ff 7f 00 00

Top of Stack: (sp=0x000000e6460fe510)
0x000000e6460fe510:   000000e6460fe680 0000023ded1cf908   ...F........=...
0x000000e6460fe520:   0000000000000000 0000023d92a8f500   ............=...
0x000000e6460fe530:   000000000000001a 00007fffa49e34db   .........4......
0x000000e6460fe540:   0000000000000000 0000023d90abc708   ............=...
0x000000e6460fe550:   000000e6460fe601 0000000000000000   ...F............
0x000000e6460fe560:   0000023dee78d670 00007fffa49e2134   p.x.=...4!......
0x000000e6460fe570:   0000000000000000 000000000000001a   ................
0x000000e6460fe580:   0000000000000000 000000000000001a   ................
0x000000e6460fe590:   00000009a7d63040 0000023dee7b5210   @0.......R{.=...
0x000000e6460fe5a0:   0000023dee78d670 0000023dee78d6d8   p.x.=.....x.=...
0x000000e6460fe5b0:   0000023dee78d6e0 000000e600001330   ..x.=...0.......
0x000000e6460fe5c0:   0000000000000000 0000000000000000   ................
0x000000e6460fe5d0:   0000000000000000 00007fff66d758e4   .........X.f....
0x000000e6460fe5e0:   00007fffa4b3ae00 0000000000001cf4   ................
0x000000e6460fe5f0:   00007fffa4b3ae00 00000000ffffffff   ................
0x000000e6460fe600:   0000000000000000 00007fffa49e29aa   .........)......
0x000000e6460fe610:   0000023d90abc708 0000000000000000   ....=...........
0x000000e6460fe620:   000000e6460fe689 0000023d92f04670   ...F....pF..=...
0x000000e6460fe630:   0000023d000021b4 0000000000000000   .!..=...........
0x000000e6460fe640:   0000000000000000 00007fffa4ae4118   .........A......
0x000000e6460fe650:   0000023d90abc708 00007fffa4b3ae00   ....=...........
0x000000e6460fe660:   0000000000100000 0000000000001000   ................
0x000000e6460fe670:   000000e6460fe818 0000023d90abc708   ...F........=...
0x000000e6460fe680:   0000023dee858c40 0000023dee858f80   @...=.......=...
0x000000e6460fe690:   0000023dee858f80 00007fffa4b3ae00   ....=...........
0x000000e6460fe6a0:   0000023dee858c30 0000023d90a80000   0...=.......=...
0x000000e6460fe6b0:   000000e6460fe950 0000000000008840   P..F....@.......
0x000000e6460fe6c0:   00007fffa4b2d080 00007fffa4b3ae50   ........P.......
0x000000e6460fe6d0:   0000000000989680 0000000000989680   ................
0x000000e6460fe6e0:   000000e6460fe7f0 00007fffa49dd561   ...F....a.......
0x000000e6460fe6f0:   00007fffa4b3ae00 00007fffa4b3ae58   ........X.......
0x000000e6460fe700:   00007fff00000000 0000023d00000001   ............=...

Instructions: (pc=0x00007fffa49e3004)
  0x00007fffa49e2f04:   cc cc cc cc cc cc cc cc cc cc cc cc cc cc cc cc
  0x00007fffa49e2f14:   cc cc cc cc cc cc cc cc cc cc cc cc cc cc cc cc
  0x00007fffa49e2f24:   cc cc cc cc cc cc cc cc cc cc cc cc cc cc cc cc
  0x00007fffa49e2f34:   cc cc cc cc cc cc cc cc cc cc cc cc cc cc cc cc
  0x00007fffa49e2f44:   cc cc cc cc cc cc cc cc cc cc cc cc cc cc cc cc
  0x00007fffa49e2f54:   cc cc cc cc cc cc cc cc cc cc cc cc cc cc cc cc
  0x00007fffa49e2f64:   cc cc cc cc cc cc cc cc cc cc cc cc cc cc cc cc
  0x00007fffa49e2f74:   cc cc cc cc cc cc cc cc cc cc cc cc cc cc cc cc
  0x00007fffa49e2f84:   cc cc cc cc cc cc cc cc cc cc cc cc 40 57 48 83
  0x00007fffa49e2f94:   ec 20 48 8b f9 48 8b 0d 30 80 15 00 48 85 c9 74
  0x00007fffa49e2fa4:   20 48 8b 01 48 8d 54 24 38 41 b8 06 00 01 00 4c
  0x00007fffa49e2fb4:   8b 48 30 41 ff d1 85 c0 75 07 48 8b 4c 24 38 eb
  0x00007fffa49e2fc4:   02 33 c9 4c 8b 05 0a 81 15 00 48 89 5c 24 30 4d
  0x00007fffa49e2fd4:   85 c0 74 4a 48 8b 01 48 8b d7 4c 8b 88 28 03 00
  0x00007fffa49e2fe4:   00 41 ff d1 48 85 c0 74 35 48 63 0d b8 3d 15 00
  0x00007fffa49e2ff4:   48 8b 14 01 48 85 d2 74 15 48 63 05 bc 3d 15 00
=>0x00007fffa49e3004:   8b 04 10 48 8b 5c 24 30 48 83 c4 20 5f c3 b8 ff
  0x00007fffa49e3014:   ff ff ff 48 8b 5c 24 30 48 83 c4 20 5f c3 80 3d
  0x00007fffa49e3024:   bb 7f 15 00 00 bb ff ff ff ff 74 20 4c 8b 0d 51
  0x00007fffa49e3034:   7c 15 00 4c 8d 44 24 38 48 8b 0d 35 7c 15 00 48
  0x00007fffa49e3044:   8b d7 41 ff d1 85 c0 0f 44 5c 24 38 8b c3 48 8b
  0x00007fffa49e3054:   5c 24 30 48 83 c4 20 5f c3 cc cc cc cc cc cc cc
  0x00007fffa49e3064:   cc cc cc cc cc cc cc cc cc cc cc cc cc cc cc cc
  0x00007fffa49e3074:   cc cc cc cc cc cc cc cc cc cc cc cc cc cc cc cc
  0x00007fffa49e3084:   cc cc cc cc cc cc cc cc cc cc cc cc 48 89 54 24
  0x00007fffa49e3094:   10 53 55 56 57 41 56 41 57 48 83 ec 28 48 8b f2
  0x00007fffa49e30a4:   4c 8b f1 48 89 4c 24 78 45 33 ff 44 89 7c 24 68
  0x00007fffa49e30b4:   c7 44 24 60 01 00 00 00 48 8d 4c 24 68 e8 69 3c
  0x00007fffa49e30c4:   f7 ff 8b d8 48 8d 4c 24 60 e8 5d 3c f7 ff 8b e8
  0x00007fffa49e30d4:   49 8b ce e8 33 f3 f6 ff 48 8b f8 90 8b c3 f0 0f
  0x00007fffa49e30e4:   b1 2f 74 04 f3 90 eb f4 4c 89 3e 4c 89 7e 08 4c
  0x00007fffa49e30f4:   89 7e 10 49 8b 6e 08 4d 8b 76 10 49 3b ee 0f 84


Stack slot to memory mapping:

stack at sp + 0 slots: 0x000000e6460fe680 is pointing into the stack for thread: 0x0000023d90abc340
stack at sp + 1 slots: 0x0000023ded1cf908 points into unknown readable memory: 0x0000000715801ee8 | e8 1e 80 15 07 00 00 00
stack at sp + 2 slots: 0x0 is null
stack at sp + 3 slots: 0x0000023d92a8f500 points into unknown readable memory: 0x6e616c2e6176616a | 6a 61 76 61 2e 6c 61 6e
stack at sp + 4 slots: 0x000000000000001a is an unknown value
stack at sp + 5 slots: 0x00007fffa49e34db libasyncProfiler.dll
stack at sp + 6 slots: 0x0 is null
stack at sp + 7 slots: 0x0000023d90abc708 points into unknown readable memory: 0x00007fff675117b0 | b0 17 51 67 ff 7f 00 00

Lock stack of current Java thread (top to bottom):


---------------  P R O C E S S  ---------------

Threads class SMR info:
_java_thread_list=0x0000023dee7e4e90, length=15, elements={
0x0000023d90abc340, 0x0000023d92c186e0, 0x0000023d92c1d030, 0x0000023d92c1e4e0,
0x0000023da79703b0, 0x0000023da7970ee0, 0x0000023da7973b50, 0x0000023da7974680,
0x0000023da79ed3d0, 0x0000023da7aaf840, 0x0000023da7ab9020, 0x0000023da7ab97b0,
0x0000023ded1c7620, 0x0000023ded2dfb60, 0x0000023dee832220
}

Java Threads: ( => current thread )
=>0x0000023d90abc340 JavaThread "main"                              [_thread_in_native, id=29620, stack(0x000000e646000000,0x000000e646100000) (1024K)]
  0x0000023d92c186e0 JavaThread "Reference Handler"          daemon [_thread_blocked, id=18440, stack(0x000000e646800000,0x000000e646900000) (1024K)]
  0x0000023d92c1d030 JavaThread "Finalizer"                  daemon [_thread_blocked, id=11804, stack(0x000000e646900000,0x000000e646a00000) (1024K)]
  0x0000023d92c1e4e0 JavaThread "Signal Dispatcher"          daemon [_thread_blocked, id=10968, stack(0x000000e646a00000,0x000000e646b00000) (1024K)]
  0x0000023da79703b0 JavaThread "Attach Listener"            daemon [_thread_blocked, id=2724, stack(0x000000e646b00000,0x000000e646c00000) (1024K)]
  0x0000023da7970ee0 JavaThread "Service Thread"             daemon [_thread_blocked, id=24516, stack(0x000000e646c00000,0x000000e646d00000) (1024K)]
  0x0000023da7973b50 JavaThread "Monitor Deflation Thread"   daemon [_thread_blocked, id=9436, stack(0x000000e646d00000,0x000000e646e00000) (1024K)]
  0x0000023da7974680 JavaThread "C1 CompilerThread0"         daemon [_thread_blocked, id=15504, stack(0x000000e646e00000,0x000000e646f00000) (1024K)]
  0x0000023da79ed3d0 JavaThread "C1 CompilerThread1"         daemon [_thread_blocked, id=31208, stack(0x000000e646f00000,0x000000e647000000) (1024K)]
  0x0000023da7aaf840 JavaThread "Common-Cleaner"             daemon [_thread_blocked, id=32276, stack(0x000000e647000000,0x000000e647100000) (1024K)]
  0x0000023da7ab9020 JavaThread "C1 CompilerThread2"         daemon [_thread_blocked, id=23008, stack(0x000000e647100000,0x000000e647200000) (1024K)]
  0x0000023da7ab97b0 JavaThread "C1 CompilerThread3"         daemon [_thread_blocked, id=25632, stack(0x000000e647200000,0x000000e647300000) (1024K)]
  0x0000023ded1c7620 JavaThread "Monitor Ctrl-Break"         daemon [_thread_in_native, id=20168, stack(0x000000e647300000,0x000000e647400000) (1024K)]
  0x0000023ded2dfb60 JavaThread "JFR Recorder Thread"        daemon [_thread_in_native, id=29208, stack(0x000000e647400000,0x000000e647500000) (1024K)]
  0x0000023dee832220 JavaThread "JFR Periodic Tasks"         daemon [_thread_blocked, id=4912, stack(0x000000e647500000,0x000000e647600000) (1024K)]
Total: 15

Other Threads:
  0x0000023d92c08010 VMThread "VM Thread"                           [id=7476, stack(0x000000e646700000,0x000000e646800000) (1024K)]
  0x0000023d92bdfbb0 WatcherThread "VM Periodic Task Thread"        [id=16284, stack(0x000000e646600000,0x000000e646700000) (1024K)]
  0x0000023d92af6e50 WorkerThread "GC Thread#0"                     [id=31952, stack(0x000000e646100000,0x000000e646200000) (1024K)]
  0x0000023d92b0b640 ConcurrentGCThread "G1 Main Marker"            [id=25520, stack(0x000000e646200000,0x000000e646300000) (1024K)]
  0x0000023d92b0d070 WorkerThread "G1 Conc#0"                       [id=23840, stack(0x000000e646300000,0x000000e646400000) (1024K)]
  0x0000023d92bd3a70 ConcurrentGCThread "G1 Refine#0"               [id=7004, stack(0x000000e646400000,0x000000e646500000) (1024K)]
  0x0000023d92bd4500 ConcurrentGCThread "G1 Service"                [id=30384, stack(0x000000e646500000,0x000000e646600000) (1024K)]
Total: 7

Threads with active compile tasks:
Total: 0

VM state: not at safepoint (normal execution)

VM Mutex/Monitor currently owned by a thread: None

Heap address: 0x0000000705e00000, size: 4002 MB, Compressed Oops mode: Zero based, Oop shift amount: 3

CDS archive(s) mapped at: [0x0000023da8000000-0x0000023da8d40000-0x0000023da8d40000), size 13893632, SharedBaseAddress: 0x0000023da8000000, ArchiveRelocationMode: 1.
Compressed class space mapped at: 0x0000023da9000000-0x0000023de9000000, reserved size: 1073741824
UseCompressedClassPointers 1, UseCompactObjectHeaders 0
Narrow klass pointer bits 32, Max shift 3
Narrow klass base: 0x0000023da8000000, Narrow klass shift: 0
Encoding Range: [0x0000023da8000000 - 0x0000023ea8000000), (4294967296 bytes)
Klass Range:    [0x0000023da8000000 - 0x0000023de9000000), (1090519040 bytes)
Klass ID Range:  [8 - 1090519033) (1090519025)

GC Precious Log:
 CardTable entry size: 512
 Card Set container configuration: InlinePtr #cards 4 size 8 Array Of Cards #cards 16 size 48 Howl #buckets 8 coarsen threshold 3686 Howl Bitmap #cards 512 size 80 coarsen threshold 460 Card regions per heap region 1 cards per card region 4096
 CPUs: 16 total, 16 available
 Memory: 16007M
 Large Page Support: Disabled
 NUMA Support: Disabled
 Compressed Oops: Enabled (Zero based)
 Heap Region Size: 2M
 Heap Min Capacity: 8M
 Heap Initial Capacity: 252M
 Heap Max Capacity: 4002M
 Pre-touch: Disabled
 Parallel Workers: 13
 Concurrent Workers: 3
 Concurrent Refinement Workers: 13
 Periodic GC: Disabled

Heap:
 garbage-first heap   total reserved 4098048K, committed 260096K, used 23664K [0x0000000705e00000, 0x0000000800000000)
  region size 2048K, 13 young (26624K), 0 survivors (0K)
 Metaspace       used 2754K, committed 2944K, reserved 1114112K
  class space    used 309K, committed 384K, reserved 1048576K

Heap Regions: E=young(eden), S=young(survivor), O=old, HS=humongous(starts), HC=humongous(continues), CS=collection set, F=free, TAMS=top-at-mark-start, PB=parsable bottom
|   0|0x0000000705e00000, 0x0000000705e00000, 0x0000000706000000|  0%| F|  |TAMS 0x0000000705e00000| PB 0x0000000705e00000| Untracked |  0
|   1|0x0000000706000000, 0x0000000706000000, 0x0000000706200000|  0%| F|  |TAMS 0x0000000706000000| PB 0x0000000706000000| Untracked |  0
|   2|0x0000000706200000, 0x0000000706200000, 0x0000000706400000|  0%| F|  |TAMS 0x0000000706200000| PB 0x0000000706200000| Untracked |  0
|   3|0x0000000706400000, 0x0000000706400000, 0x0000000706600000|  0%| F|  |TAMS 0x0000000706400000| PB 0x0000000706400000| Untracked |  0
|   4|0x0000000706600000, 0x0000000706600000, 0x0000000706800000|  0%| F|  |TAMS 0x0000000706600000| PB 0x0000000706600000| Untracked |  0
|   5|0x0000000706800000, 0x0000000706800000, 0x0000000706a00000|  0%| F|  |TAMS 0x0000000706800000| PB 0x0000000706800000| Untracked |  0
|   6|0x0000000706a00000, 0x0000000706a00000, 0x0000000706c00000|  0%| F|  |TAMS 0x0000000706a00000| PB 0x0000000706a00000| Untracked |  0
|   7|0x0000000706c00000, 0x0000000706c00000, 0x0000000706e00000|  0%| F|  |TAMS 0x0000000706c00000| PB 0x0000000706c00000| Untracked |  0
|   8|0x0000000706e00000, 0x0000000706e00000, 0x0000000707000000|  0%| F|  |TAMS 0x0000000706e00000| PB 0x0000000706e00000| Untracked |  0
|   9|0x0000000707000000, 0x0000000707000000, 0x0000000707200000|  0%| F|  |TAMS 0x0000000707000000| PB 0x0000000707000000| Untracked |  0
|  10|0x0000000707200000, 0x0000000707200000, 0x0000000707400000|  0%| F|  |TAMS 0x0000000707200000| PB 0x0000000707200000| Untracked |  0
|  11|0x0000000707400000, 0x0000000707400000, 0x0000000707600000|  0%| F|  |TAMS 0x0000000707400000| PB 0x0000000707400000| Untracked |  0
|  12|0x0000000707600000, 0x0000000707600000, 0x0000000707800000|  0%| F|  |TAMS 0x0000000707600000| PB 0x0000000707600000| Untracked |  0
|  13|0x0000000707800000, 0x0000000707800000, 0x0000000707a00000|  0%| F|  |TAMS 0x0000000707800000| PB 0x0000000707800000| Untracked |  0
|  14|0x0000000707a00000, 0x0000000707a00000, 0x0000000707c00000|  0%| F|  |TAMS 0x0000000707a00000| PB 0x0000000707a00000| Untracked |  0
|  15|0x0000000707c00000, 0x0000000707c00000, 0x0000000707e00000|  0%| F|  |TAMS 0x0000000707c00000| PB 0x0000000707c00000| Untracked |  0
|  16|0x0000000707e00000, 0x0000000707e00000, 0x0000000708000000|  0%| F|  |TAMS 0x0000000707e00000| PB 0x0000000707e00000| Untracked |  0
|  17|0x0000000708000000, 0x0000000708000000, 0x0000000708200000|  0%| F|  |TAMS 0x0000000708000000| PB 0x0000000708000000| Untracked |  0
|  18|0x0000000708200000, 0x0000000708200000, 0x0000000708400000|  0%| F|  |TAMS 0x0000000708200000| PB 0x0000000708200000| Untracked |  0
|  19|0x0000000708400000, 0x0000000708400000, 0x0000000708600000|  0%| F|  |TAMS 0x0000000708400000| PB 0x0000000708400000| Untracked |  0
|  20|0x0000000708600000, 0x0000000708600000, 0x0000000708800000|  0%| F|  |TAMS 0x0000000708600000| PB 0x0000000708600000| Untracked |  0
|  21|0x0000000708800000, 0x0000000708800000, 0x0000000708a00000|  0%| F|  |TAMS 0x0000000708800000| PB 0x0000000708800000| Untracked |  0
|  22|0x0000000708a00000, 0x0000000708a00000, 0x0000000708c00000|  0%| F|  |TAMS 0x0000000708a00000| PB 0x0000000708a00000| Untracked |  0
|  23|0x0000000708c00000, 0x0000000708c00000, 0x0000000708e00000|  0%| F|  |TAMS 0x0000000708c00000| PB 0x0000000708c00000| Untracked |  0
|  24|0x0000000708e00000, 0x0000000708e00000, 0x0000000709000000|  0%| F|  |TAMS 0x0000000708e00000| PB 0x0000000708e00000| Untracked |  0
|  25|0x0000000709000000, 0x0000000709000000, 0x0000000709200000|  0%| F|  |TAMS 0x0000000709000000| PB 0x0000000709000000| Untracked |  0
|  26|0x0000000709200000, 0x0000000709200000, 0x0000000709400000|  0%| F|  |TAMS 0x0000000709200000| PB 0x0000000709200000| Untracked |  0
|  27|0x0000000709400000, 0x0000000709400000, 0x0000000709600000|  0%| F|  |TAMS 0x0000000709400000| PB 0x0000000709400000| Untracked |  0
|  28|0x0000000709600000, 0x0000000709600000, 0x0000000709800000|  0%| F|  |TAMS 0x0000000709600000| PB 0x0000000709600000| Untracked |  0
|  29|0x0000000709800000, 0x0000000709800000, 0x0000000709a00000|  0%| F|  |TAMS 0x0000000709800000| PB 0x0000000709800000| Untracked |  0
|  30|0x0000000709a00000, 0x0000000709a00000, 0x0000000709c00000|  0%| F|  |TAMS 0x0000000709a00000| PB 0x0000000709a00000| Untracked |  0
|  31|0x0000000709c00000, 0x0000000709c00000, 0x0000000709e00000|  0%| F|  |TAMS 0x0000000709c00000| PB 0x0000000709c00000| Untracked |  0
|  32|0x0000000709e00000, 0x0000000709e00000, 0x000000070a000000|  0%| F|  |TAMS 0x0000000709e00000| PB 0x0000000709e00000| Untracked |  0
|  33|0x000000070a000000, 0x000000070a000000, 0x000000070a200000|  0%| F|  |TAMS 0x000000070a000000| PB 0x000000070a000000| Untracked |  0
|  34|0x000000070a200000, 0x000000070a200000, 0x000000070a400000|  0%| F|  |TAMS 0x000000070a200000| PB 0x000000070a200000| Untracked |  0
|  35|0x000000070a400000, 0x000000070a400000, 0x000000070a600000|  0%| F|  |TAMS 0x000000070a400000| PB 0x000000070a400000| Untracked |  0
|  36|0x000000070a600000, 0x000000070a600000, 0x000000070a800000|  0%| F|  |TAMS 0x000000070a600000| PB 0x000000070a600000| Untracked |  0
|  37|0x000000070a800000, 0x000000070a800000, 0x000000070aa00000|  0%| F|  |TAMS 0x000000070a800000| PB 0x000000070a800000| Untracked |  0
|  38|0x000000070aa00000, 0x000000070aa00000, 0x000000070ac00000|  0%| F|  |TAMS 0x000000070aa00000| PB 0x000000070aa00000| Untracked |  0
|  39|0x000000070ac00000, 0x000000070ac00000, 0x000000070ae00000|  0%| F|  |TAMS 0x000000070ac00000| PB 0x000000070ac00000| Untracked |  0
|  40|0x000000070ae00000, 0x000000070ae00000, 0x000000070b000000|  0%| F|  |TAMS 0x000000070ae00000| PB 0x000000070ae00000| Untracked |  0
|  41|0x000000070b000000, 0x000000070b000000, 0x000000070b200000|  0%| F|  |TAMS 0x000000070b000000| PB 0x000000070b000000| Untracked |  0
|  42|0x000000070b200000, 0x000000070b200000, 0x000000070b400000|  0%| F|  |TAMS 0x000000070b200000| PB 0x000000070b200000| Untracked |  0
|  43|0x000000070b400000, 0x000000070b400000, 0x000000070b600000|  0%| F|  |TAMS 0x000000070b400000| PB 0x000000070b400000| Untracked |  0
|  44|0x000000070b600000, 0x000000070b600000, 0x000000070b800000|  0%| F|  |TAMS 0x000000070b600000| PB 0x000000070b600000| Untracked |  0
|  45|0x000000070b800000, 0x000000070b800000, 0x000000070ba00000|  0%| F|  |TAMS 0x000000070b800000| PB 0x000000070b800000| Untracked |  0
|  46|0x000000070ba00000, 0x000000070ba00000, 0x000000070bc00000|  0%| F|  |TAMS 0x000000070ba00000| PB 0x000000070ba00000| Untracked |  0
|  47|0x000000070bc00000, 0x000000070bc00000, 0x000000070be00000|  0%| F|  |TAMS 0x000000070bc00000| PB 0x000000070bc00000| Untracked |  0
|  48|0x000000070be00000, 0x000000070be00000, 0x000000070c000000|  0%| F|  |TAMS 0x000000070be00000| PB 0x000000070be00000| Untracked |  0
|  49|0x000000070c000000, 0x000000070c000000, 0x000000070c200000|  0%| F|  |TAMS 0x000000070c000000| PB 0x000000070c000000| Untracked |  0
|  50|0x000000070c200000, 0x000000070c200000, 0x000000070c400000|  0%| F|  |TAMS 0x000000070c200000| PB 0x000000070c200000| Untracked |  0
|  51|0x000000070c400000, 0x000000070c400000, 0x000000070c600000|  0%| F|  |TAMS 0x000000070c400000| PB 0x000000070c400000| Untracked |  0
|  52|0x000000070c600000, 0x000000070c600000, 0x000000070c800000|  0%| F|  |TAMS 0x000000070c600000| PB 0x000000070c600000| Untracked |  0
|  53|0x000000070c800000, 0x000000070c800000, 0x000000070ca00000|  0%| F|  |TAMS 0x000000070c800000| PB 0x000000070c800000| Untracked |  0
|  54|0x000000070ca00000, 0x000000070ca00000, 0x000000070cc00000|  0%| F|  |TAMS 0x000000070ca00000| PB 0x000000070ca00000| Untracked |  0
|  55|0x000000070cc00000, 0x000000070cc00000, 0x000000070ce00000|  0%| F|  |TAMS 0x000000070cc00000| PB 0x000000070cc00000| Untracked |  0
|  56|0x000000070ce00000, 0x000000070ce00000, 0x000000070d000000|  0%| F|  |TAMS 0x000000070ce00000| PB 0x000000070ce00000| Untracked |  0
|  57|0x000000070d000000, 0x000000070d000000, 0x000000070d200000|  0%| F|  |TAMS 0x000000070d000000| PB 0x000000070d000000| Untracked |  0
|  58|0x000000070d200000, 0x000000070d200000, 0x000000070d400000|  0%| F|  |TAMS 0x000000070d200000| PB 0x000000070d200000| Untracked |  0
|  59|0x000000070d400000, 0x000000070d400000, 0x000000070d600000|  0%| F|  |TAMS 0x000000070d400000| PB 0x000000070d400000| Untracked |  0
|  60|0x000000070d600000, 0x000000070d600000, 0x000000070d800000|  0%| F|  |TAMS 0x000000070d600000| PB 0x000000070d600000| Untracked |  0
|  61|0x000000070d800000, 0x000000070d800000, 0x000000070da00000|  0%| F|  |TAMS 0x000000070d800000| PB 0x000000070d800000| Untracked |  0
|  62|0x000000070da00000, 0x000000070da00000, 0x000000070dc00000|  0%| F|  |TAMS 0x000000070da00000| PB 0x000000070da00000| Untracked |  0
|  63|0x000000070dc00000, 0x000000070dc00000, 0x000000070de00000|  0%| F|  |TAMS 0x000000070dc00000| PB 0x000000070dc00000| Untracked |  0
|  64|0x000000070de00000, 0x000000070de00000, 0x000000070e000000|  0%| F|  |TAMS 0x000000070de00000| PB 0x000000070de00000| Untracked |  0
|  65|0x000000070e000000, 0x000000070e000000, 0x000000070e200000|  0%| F|  |TAMS 0x000000070e000000| PB 0x000000070e000000| Untracked |  0
|  66|0x000000070e200000, 0x000000070e200000, 0x000000070e400000|  0%| F|  |TAMS 0x000000070e200000| PB 0x000000070e200000| Untracked |  0
|  67|0x000000070e400000, 0x000000070e400000, 0x000000070e600000|  0%| F|  |TAMS 0x000000070e400000| PB 0x000000070e400000| Untracked |  0
|  68|0x000000070e600000, 0x000000070e600000, 0x000000070e800000|  0%| F|  |TAMS 0x000000070e600000| PB 0x000000070e600000| Untracked |  0
|  69|0x000000070e800000, 0x000000070e800000, 0x000000070ea00000|  0%| F|  |TAMS 0x000000070e800000| PB 0x000000070e800000| Untracked |  0
|  70|0x000000070ea00000, 0x000000070ea00000, 0x000000070ec00000|  0%| F|  |TAMS 0x000000070ea00000| PB 0x000000070ea00000| Untracked |  0
|  71|0x000000070ec00000, 0x000000070ec00000, 0x000000070ee00000|  0%| F|  |TAMS 0x000000070ec00000| PB 0x000000070ec00000| Untracked |  0
|  72|0x000000070ee00000, 0x000000070ee00000, 0x000000070f000000|  0%| F|  |TAMS 0x000000070ee00000| PB 0x000000070ee00000| Untracked |  0
|  73|0x000000070f000000, 0x000000070f000000, 0x000000070f200000|  0%| F|  |TAMS 0x000000070f000000| PB 0x000000070f000000| Untracked |  0
|  74|0x000000070f200000, 0x000000070f200000, 0x000000070f400000|  0%| F|  |TAMS 0x000000070f200000| PB 0x000000070f200000| Untracked |  0
|  75|0x000000070f400000, 0x000000070f400000, 0x000000070f600000|  0%| F|  |TAMS 0x000000070f400000| PB 0x000000070f400000| Untracked |  0
|  76|0x000000070f600000, 0x000000070f600000, 0x000000070f800000|  0%| F|  |TAMS 0x000000070f600000| PB 0x000000070f600000| Untracked |  0
|  77|0x000000070f800000, 0x000000070f800000, 0x000000070fa00000|  0%| F|  |TAMS 0x000000070f800000| PB 0x000000070f800000| Untracked |  0
|  78|0x000000070fa00000, 0x000000070fa00000, 0x000000070fc00000|  0%| F|  |TAMS 0x000000070fa00000| PB 0x000000070fa00000| Untracked |  0
|  79|0x000000070fc00000, 0x000000070fc00000, 0x000000070fe00000|  0%| F|  |TAMS 0x000000070fc00000| PB 0x000000070fc00000| Untracked |  0
|  80|0x000000070fe00000, 0x000000070fe00000, 0x0000000710000000|  0%| F|  |TAMS 0x000000070fe00000| PB 0x000000070fe00000| Untracked |  0
|  81|0x0000000710000000, 0x0000000710000000, 0x0000000710200000|  0%| F|  |TAMS 0x0000000710000000| PB 0x0000000710000000| Untracked |  0
|  82|0x0000000710200000, 0x0000000710200000, 0x0000000710400000|  0%| F|  |TAMS 0x0000000710200000| PB 0x0000000710200000| Untracked |  0
|  83|0x0000000710400000, 0x0000000710400000, 0x0000000710600000|  0%| F|  |TAMS 0x0000000710400000| PB 0x0000000710400000| Untracked |  0
|  84|0x0000000710600000, 0x0000000710600000, 0x0000000710800000|  0%| F|  |TAMS 0x0000000710600000| PB 0x0000000710600000| Untracked |  0
|  85|0x0000000710800000, 0x0000000710800000, 0x0000000710a00000|  0%| F|  |TAMS 0x0000000710800000| PB 0x0000000710800000| Untracked |  0
|  86|0x0000000710a00000, 0x0000000710a00000, 0x0000000710c00000|  0%| F|  |TAMS 0x0000000710a00000| PB 0x0000000710a00000| Untracked |  0
|  87|0x0000000710c00000, 0x0000000710c00000, 0x0000000710e00000|  0%| F|  |TAMS 0x0000000710c00000| PB 0x0000000710c00000| Untracked |  0
|  88|0x0000000710e00000, 0x0000000710e00000, 0x0000000711000000|  0%| F|  |TAMS 0x0000000710e00000| PB 0x0000000710e00000| Untracked |  0
|  89|0x0000000711000000, 0x0000000711000000, 0x0000000711200000|  0%| F|  |TAMS 0x0000000711000000| PB 0x0000000711000000| Untracked |  0
|  90|0x0000000711200000, 0x0000000711200000, 0x0000000711400000|  0%| F|  |TAMS 0x0000000711200000| PB 0x0000000711200000| Untracked |  0
|  91|0x0000000711400000, 0x0000000711400000, 0x0000000711600000|  0%| F|  |TAMS 0x0000000711400000| PB 0x0000000711400000| Untracked |  0
|  92|0x0000000711600000, 0x0000000711600000, 0x0000000711800000|  0%| F|  |TAMS 0x0000000711600000| PB 0x0000000711600000| Untracked |  0
|  93|0x0000000711800000, 0x0000000711800000, 0x0000000711a00000|  0%| F|  |TAMS 0x0000000711800000| PB 0x0000000711800000| Untracked |  0
|  94|0x0000000711a00000, 0x0000000711a00000, 0x0000000711c00000|  0%| F|  |TAMS 0x0000000711a00000| PB 0x0000000711a00000| Untracked |  0
|  95|0x0000000711c00000, 0x0000000711c00000, 0x0000000711e00000|  0%| F|  |TAMS 0x0000000711c00000| PB 0x0000000711c00000| Untracked |  0
|  96|0x0000000711e00000, 0x0000000711e00000, 0x0000000712000000|  0%| F|  |TAMS 0x0000000711e00000| PB 0x0000000711e00000| Untracked |  0
|  97|0x0000000712000000, 0x0000000712000000, 0x0000000712200000|  0%| F|  |TAMS 0x0000000712000000| PB 0x0000000712000000| Untracked |  0
|  98|0x0000000712200000, 0x0000000712200000, 0x0000000712400000|  0%| F|  |TAMS 0x0000000712200000| PB 0x0000000712200000| Untracked |  0
|  99|0x0000000712400000, 0x0000000712400000, 0x0000000712600000|  0%| F|  |TAMS 0x0000000712400000| PB 0x0000000712400000| Untracked |  0
| 100|0x0000000712600000, 0x0000000712600000, 0x0000000712800000|  0%| F|  |TAMS 0x0000000712600000| PB 0x0000000712600000| Untracked |  0
| 101|0x0000000712800000, 0x0000000712800000, 0x0000000712a00000|  0%| F|  |TAMS 0x0000000712800000| PB 0x0000000712800000| Untracked |  0
| 102|0x0000000712a00000, 0x0000000712a00000, 0x0000000712c00000|  0%| F|  |TAMS 0x0000000712a00000| PB 0x0000000712a00000| Untracked |  0
| 103|0x0000000712c00000, 0x0000000712c00000, 0x0000000712e00000|  0%| F|  |TAMS 0x0000000712c00000| PB 0x0000000712c00000| Untracked |  0
| 104|0x0000000712e00000, 0x0000000712e00000, 0x0000000713000000|  0%| F|  |TAMS 0x0000000712e00000| PB 0x0000000712e00000| Untracked |  0
| 105|0x0000000713000000, 0x0000000713000000, 0x0000000713200000|  0%| F|  |TAMS 0x0000000713000000| PB 0x0000000713000000| Untracked |  0
| 106|0x0000000713200000, 0x0000000713200000, 0x0000000713400000|  0%| F|  |TAMS 0x0000000713200000| PB 0x0000000713200000| Untracked |  0
| 107|0x0000000713400000, 0x0000000713400000, 0x0000000713600000|  0%| F|  |TAMS 0x0000000713400000| PB 0x0000000713400000| Untracked |  0
| 108|0x0000000713600000, 0x0000000713600000, 0x0000000713800000|  0%| F|  |TAMS 0x0000000713600000| PB 0x0000000713600000| Untracked |  0
| 109|0x0000000713800000, 0x0000000713800000, 0x0000000713a00000|  0%| F|  |TAMS 0x0000000713800000| PB 0x0000000713800000| Untracked |  0
| 110|0x0000000713a00000, 0x0000000713a00000, 0x0000000713c00000|  0%| F|  |TAMS 0x0000000713a00000| PB 0x0000000713a00000| Untracked |  0
| 111|0x0000000713c00000, 0x0000000713c00000, 0x0000000713e00000|  0%| F|  |TAMS 0x0000000713c00000| PB 0x0000000713c00000| Untracked |  0
| 112|0x0000000713e00000, 0x0000000713e00000, 0x0000000714000000|  0%| F|  |TAMS 0x0000000713e00000| PB 0x0000000713e00000| Untracked |  0
| 113|0x0000000714000000, 0x0000000714136da8, 0x0000000714200000| 60%| E|  |TAMS 0x0000000714000000| PB 0x0000000714000000| Complete |  0
| 114|0x0000000714200000, 0x0000000714400000, 0x0000000714400000|100%| E|  |TAMS 0x0000000714200000| PB 0x0000000714200000| Complete |  0
| 115|0x0000000714400000, 0x0000000714600000, 0x0000000714600000|100%| E|CS|TAMS 0x0000000714400000| PB 0x0000000714400000| Complete |  0
| 116|0x0000000714600000, 0x0000000714800000, 0x0000000714800000|100%| E|CS|TAMS 0x0000000714600000| PB 0x0000000714600000| Complete |  0
| 117|0x0000000714800000, 0x0000000714a00000, 0x0000000714a00000|100%| E|CS|TAMS 0x0000000714800000| PB 0x0000000714800000| Complete |  0
| 118|0x0000000714a00000, 0x0000000714c00000, 0x0000000714c00000|100%| E|CS|TAMS 0x0000000714a00000| PB 0x0000000714a00000| Complete |  0
| 119|0x0000000714c00000, 0x0000000714e00000, 0x0000000714e00000|100%| E|CS|TAMS 0x0000000714c00000| PB 0x0000000714c00000| Complete |  0
| 120|0x0000000714e00000, 0x0000000715000000, 0x0000000715000000|100%| E|CS|TAMS 0x0000000714e00000| PB 0x0000000714e00000| Complete |  0
| 121|0x0000000715000000, 0x0000000715200000, 0x0000000715200000|100%| E|CS|TAMS 0x0000000715000000| PB 0x0000000715000000| Complete |  0
| 122|0x0000000715200000, 0x0000000715400000, 0x0000000715400000|100%| E|CS|TAMS 0x0000000715200000| PB 0x0000000715200000| Complete |  0
| 123|0x0000000715400000, 0x0000000715600000, 0x0000000715600000|100%| E|CS|TAMS 0x0000000715400000| PB 0x0000000715400000| Complete |  0
| 124|0x0000000715600000, 0x0000000715800000, 0x0000000715800000|100%| E|CS|TAMS 0x0000000715600000| PB 0x0000000715600000| Complete |  0
| 125|0x0000000715800000, 0x0000000715a00000, 0x0000000715a00000|100%| E|CS|TAMS 0x0000000715800000| PB 0x0000000715800000| Complete |  0
|2000|0x00000007ffe00000, 0x00000007fff1c348, 0x0000000800000000| 55%| O|  |TAMS 0x00000007ffe00000| PB 0x00000007ffe00000| Untracked |  0

Card table byte_map: [0x0000023da0340000,0x0000023da0b20000] _byte_map_base: 0x0000023d9cb11000

Marking Bits: (CMBitMap*) 0x0000023d92af7470
 Bits: [0x0000023da0b20000, 0x0000023da49a8000)

Polling page: 0x0000023d90dd0000

Metaspace:

Usage:
  Non-class:      2.39 MB used.
      Class:    309.16 KB used.
       Both:      2.69 MB used.

Virtual space:
  Non-class space:       64.00 MB reserved,       2.50 MB (  4%) committed,  1 nodes.
      Class space:        1.00 GB reserved,     384.00 KB ( <1%) committed,  1 nodes.
             Both:        1.06 GB reserved,       2.88 MB ( <1%) committed. 

Chunk freelists:
   Non-Class:  11.92 MB
       Class:  15.59 MB
        Both:  27.51 MB

MaxMetaspaceSize: unlimited
CompressedClassSpaceSize: 1.00 GB
Initial GC threshold: 21.00 MB
Current GC threshold: 21.00 MB
CDS: on
 - commit_granule_bytes: 65536.
 - commit_granule_words: 8192.
 - virtual_space_node_default_size: 8388608.
 - enlarge_chunks_in_place: 1.
UseCompressedClassPointers 1, UseCompactObjectHeaders 0
Narrow klass pointer bits 32, Max shift 3
Narrow klass base: 0x0000023da8000000, Narrow klass shift: 0
Encoding Range: [0x0000023da8000000 - 0x0000023ea8000000), (4294967296 bytes)
Klass Range:    [0x0000023da8000000 - 0x0000023de9000000), (1090519040 bytes)
Klass ID Range:  [8 - 1090519033) (1090519025)


Internal statistics:

num_allocs_failed_limit: 0.
num_arena_births: 70.
num_arena_deaths: 0.
num_vsnodes_births: 2.
num_vsnodes_deaths: 0.
num_space_committed: 46.
num_space_uncommitted: 0.
num_chunks_returned_to_freelist: 0.
num_chunks_taken_from_freelist: 75.
num_chunk_merges: 0.
num_chunk_splits: 53.
num_chunks_enlarged: 34.
num_inconsistent_stats: 0.

CodeCache: size=49152Kb used=4357Kb max_used=4357Kb free=44794Kb
 bounds [0x0000023d9bfa0000, 0x0000023d9c3f0000, 0x0000023d9efa0000]
 total_blobs=1801, nmethods=1370, adapters=355, full_count=0
Compilation: enabled, stopped_count=0, restarted_count=0

Compilation events (20 events):
Event: 0.362 Thread 0x0000023da79ed3d0 nmethod 1365 0x0000023d9c3de508 code [0x0000023d9c3de620, 0x0000023d9c3de740]
Event: 0.362 Thread 0x0000023da79ed3d0 1367       1       java.lang.Math::max (12 bytes)
Event: 0.362 Thread 0x0000023da79ed3d0 nmethod 1367 0x0000023d9c3de808 code [0x0000023d9c3de900, 0x0000023d9c3de9b8]
Event: 0.362 Thread 0x0000023da79ed3d0 1368       1       java.lang.StringLatin1::getChar (9 bytes)
Event: 0.362 Thread 0x0000023da7ab97b0 nmethod 1364 0x0000023d9c3deb08 code [0x0000023d9c3dec40, 0x0000023d9c3dee60]
Event: 0.362 Thread 0x0000023da79ed3d0 nmethod 1368 0x0000023d9c3dee88 code [0x0000023d9c3defa0, 0x0000023d9c3df078]
Event: 0.362 Thread 0x0000023da79ed3d0 1360       1       jdk.jfr.internal.EventControl::getSettingsId (5 bytes)
Event: 0.362 Thread 0x0000023da7ab97b0 1362       1       jdk.jfr.internal.PlatformEventType::isEnabled (5 bytes)
Event: 0.362 Thread 0x0000023da79ed3d0 nmethod 1360 0x0000023d9c3df188 code [0x0000023d9c3df280, 0x0000023d9c3df348]
Event: 0.362 Thread 0x0000023da79ed3d0 1361       1       jdk.jfr.internal.EventControl::getNamedControls (5 bytes)
Event: 0.362 Thread 0x0000023da79ed3d0 nmethod 1361 0x0000023d9c3df488 code [0x0000023d9c3df580, 0x0000023d9c3df648]
Event: 0.362 Thread 0x0000023da7ab97b0 nmethod 1362 0x0000023d9c3df788 code [0x0000023d9c3df880, 0x0000023d9c3df948]
Event: 0.362 Thread 0x0000023da7ab9020 nmethod 1366 0x0000023d9c3dfa88 code [0x0000023d9c3dfc40, 0x0000023d9c3e0408]
Event: 0.363 Thread 0x0000023da7974680 nmethod 1363 0x0000023d9c3e0488 code [0x0000023d9c3e0680, 0x0000023d9c3e0d48]
Event: 0.364 Thread 0x0000023da7974680 1369       1       jdk.jfr.internal.periodic.EventTask::getEventType (5 bytes)
Event: 0.364 Thread 0x0000023da7974680 nmethod 1369 0x0000023d9c3e0e08 code [0x0000023d9c3e0f00, 0x0000023d9c3e0fc8]
Event: 0.364 Thread 0x0000023da7974680 1370       1       jdk.jfr.internal.periodic.PeriodicTask::getPeriod (5 bytes)
Event: 0.364 Thread 0x0000023da79ed3d0 1371       1       java.util.Comparator$$Lambda/0x0000023da9075190::compare (10 bytes)
Event: 0.364 Thread 0x0000023da7974680 nmethod 1370 0x0000023d9c3e1108 code [0x0000023d9c3e1200, 0x0000023d9c3e12c8]
Event: 0.364 Thread 0x0000023da79ed3d0 nmethod 1371 0x0000023d9c3e1408 code [0x0000023d9c3e1540, 0x0000023d9c3e1740]

GC Heap History (0 events):
No events

Dll operation events (8 events):
Event: 0.075 Loaded shared library C:\Users\Sivert\.jdks\openjdk-24\bin\java.dll
Event: 0.141 Loaded shared library C:\Users\Sivert\.jdks\openjdk-24\bin\zip.dll
Event: 0.143 Loaded shared library C:\Users\Sivert\.jdks\openjdk-24\bin\instrument.dll
Event: 0.146 Loaded shared library C:\Users\Sivert\.jdks\openjdk-24\bin\net.dll
Event: 0.147 Loaded shared library C:\Users\Sivert\.jdks\openjdk-24\bin\nio.dll
Event: 0.150 Loaded shared library C:\Users\Sivert\.jdks\openjdk-24\bin\zip.dll
Event: 0.203 Loaded shared library C:\Users\Sivert\.jdks\openjdk-24\bin\extnet.dll
Event: 0.236 Loaded shared library C:\Users\Sivert\.jdks\openjdk-24\bin\jimage.dll

Deoptimization events (0 events):
No events

Classes loaded (20 events):
Event: 0.347 Loading class jdk/jfr/internal/MetadataWriter
Event: 0.348 Loading class jdk/jfr/internal/MetadataWriter done
Event: 0.348 Loading class jdk/jfr/internal/MetadataDescriptor$Element
Event: 0.348 Loading class jdk/jfr/internal/MetadataDescriptor$Element done
Event: 0.348 Loading class jdk/jfr/internal/MetadataDescriptor$Attribute
Event: 0.348 Loading class jdk/jfr/internal/MetadataDescriptor$Attribute done
Event: 0.352 Loading class jdk/jfr/internal/consumer/StringParser$Encoding
Event: 0.352 Loading class jdk/jfr/internal/consumer/StringParser$Encoding done
Event: 0.358 Loading class jdk/jfr/internal/consumer/RepositoryFiles
Event: 0.358 Loading class jdk/jfr/internal/consumer/RepositoryFiles done
Event: 0.360 Loading class jdk/jfr/internal/SettingsManager$InternalSetting
Event: 0.360 Loading class jdk/jfr/internal/SettingsManager$InternalSetting done
Event: 0.361 Loading class jdk/jfr/internal/util/Rate
Event: 0.361 Loading class jdk/jfr/internal/util/Rate done
Event: 0.361 Loading class jdk/jfr/internal/util/TimespanUnit
Event: 0.361 Loading class jdk/jfr/internal/util/TimespanUnit done
Event: 0.361 Loading class jdk/jfr/internal/util/ValueParser
Event: 0.361 Loading class jdk/jfr/internal/util/ValueParser done
Event: 0.362 Loading class jdk/jfr/internal/periodic/PeriodicType
Event: 0.362 Loading class jdk/jfr/internal/periodic/PeriodicType done

Classes unloaded (0 events):
No events

Classes redefined (0 events):
No events

Internal exceptions (19 events):
Event: 0.189 Thread 0x0000023d90abc340 Exception <a 'java/lang/NoSuchMethodError'{0x000000071502a0d0}: 'void java.lang.invoke.DirectMethodHandle$Holder.invokeStatic(java.lang.Object, java.lang.Object, java.lang.Object)'> (0x000000071502a0d0) 
thrown [s\open\src\hotspot\share\interpreter\linkResolver.cpp, line 805]
Event: 0.193 Thread 0x0000023d90abc340 Exception <a 'java/lang/NoSuchMethodError'{0x000000071505ec90}: 'java.lang.Object java.lang.invoke.Invokers$Holder.invokeExact_MT(java.lang.Object, java.lang.Object, java.lang.Object, java.lang.Object, java.lang.Object)'> (0x000000071505ec90) 
thrown [s\open\src\hotspot\share\interpreter\linkResolver.cpp, line 805]
Event: 0.200 Thread 0x0000023d90abc340 Exception <a 'java/lang/NoSuchMethodError'{0x000000071506ffc0}: 'java.lang.Object java.lang.invoke.DirectMethodHandle$Holder.invokeStaticInit(java.lang.Object, java.lang.Object, java.lang.Object)'> (0x000000071506ffc0) 
thrown [s\open\src\hotspot\share\interpreter\linkResolver.cpp, line 805]
Event: 0.202 Thread 0x0000023ded1c7620 Exception <a 'java/lang/NoSuchMethodError'{0x00000007151232a0}: 'java.lang.Object java.lang.invoke.DirectMethodHandle$Holder.invokeStaticInit(java.lang.Object)'> (0x00000007151232a0) 
thrown [s\open\src\hotspot\share\interpreter\linkResolver.cpp, line 805]
Event: 0.205 Thread 0x0000023ded1c7620 Exception <a 'java/lang/NoSuchMethodError'{0x000000071512deb0}: 'void java.lang.invoke.DirectMethodHandle$Holder.invokeStatic(java.lang.Object, java.lang.Object)'> (0x000000071512deb0) 
thrown [s\open\src\hotspot\share\interpreter\linkResolver.cpp, line 805]
Event: 0.238 Thread 0x0000023d90abc340 Exception <a 'java/lang/NoSuchMethodError'{0x0000000714c086c8}: 'java.lang.Object java.lang.invoke.DirectMethodHandle$Holder.invokeStatic(java.lang.Object, int, java.lang.Object)'> (0x0000000714c086c8) 
thrown [s\open\src\hotspot\share\interpreter\linkResolver.cpp, line 805]
Event: 0.248 Thread 0x0000023d90abc340 Exception <a 'java/lang/NoSuchMethodError'{0x0000000714c5ff30}: 'void java.lang.invoke.DirectMethodHandle$Holder.invokeStaticInit(java.lang.Object)'> (0x0000000714c5ff30) 
thrown [s\open\src\hotspot\share\interpreter\linkResolver.cpp, line 805]
Event: 0.257 Thread 0x0000023d90abc340 Exception <a 'java/lang/NoSuchMethodError'{0x0000000714cd1328}: 'void java.lang.invoke.DirectMethodHandle$Holder.invokeSpecial(java.lang.Object, java.lang.Object, java.lang.Object)'> (0x0000000714cd1328) 
thrown [s\open\src\hotspot\share\interpreter\linkResolver.cpp, line 805]
Event: 0.264 Thread 0x0000023d90abc340 Exception <a 'java/lang/NoSuchMethodError'{0x0000000714d38b08}: 'java.lang.Object java.lang.invoke.DirectMethodHandle$Holder.newInvokeSpecial(java.lang.Object, java.lang.Object, java.lang.Object, java.lang.Object, java.lang.Object)'> (0x0000000714d38b08) 
thrown [s\open\src\hotspot\share\interpreter\linkResolver.cpp, line 805]
Event: 0.290 Thread 0x0000023d90abc340 Exception <a 'java/lang/NoSuchMethodError'{0x0000000714ad2088}: 'long java.lang.invoke.DirectMethodHandle$Holder.invokeVirtual(java.lang.Object, java.lang.Object)'> (0x0000000714ad2088) 
thrown [s\open\src\hotspot\share\interpreter\linkResolver.cpp, line 805]
Event: 0.315 Thread 0x0000023d90abc340 Exception <a 'java/lang/NoSuchMethodError'{0x0000000714620cd8}: 'int java.lang.invoke.DirectMethodHandle$Holder.invokeSpecial(java.lang.Object, java.lang.Object, java.lang.Object)'> (0x0000000714620cd8) 
thrown [s\open\src\hotspot\share\interpreter\linkResolver.cpp, line 805]
Event: 0.337 Thread 0x0000023d90abc340 Exception <a 'java/lang/NoSuchMethodError'{0x00000007147f2878}: 'void java.lang.invoke.DirectMethodHandle$Holder.invokeSpecial(java.lang.Object, java.lang.Object, int)'> (0x00000007147f2878) 
thrown [s\open\src\hotspot\share\interpreter\linkResolver.cpp, line 805]
Event: 0.338 Thread 0x0000023d90abc340 Exception <a 'java/lang/NoSuchMethodError'{0x00000007147fa498}: 'void java.lang.invoke.Invokers$Holder.invokeExact_MT(java.lang.Object, int, java.lang.Object)'> (0x00000007147fa498) 
thrown [s\open\src\hotspot\share\interpreter\linkResolver.cpp, line 805]
Event: 0.339 Thread 0x0000023d90abc340 Exception <a 'java/lang/NoSuchMethodError'{0x0000000714414de8}: 'void java.lang.invoke.DirectMethodHandle$Holder.invokeStatic(java.lang.Object, java.lang.Object, int)'> (0x0000000714414de8) 
thrown [s\open\src\hotspot\share\interpreter\linkResolver.cpp, line 805]
Event: 0.339 Thread 0x0000023d90abc340 Exception <a 'java/lang/NoSuchMethodError'{0x0000000714423ed8}: 'java.lang.Object java.lang.invoke.DirectMethodHandle$Holder.newInvokeSpecial(java.lang.Object, java.lang.Object, int)'> (0x0000000714423ed8) 
thrown [s\open\src\hotspot\share\interpreter\linkResolver.cpp, line 805]
Event: 0.339 Thread 0x0000023dee832220 Exception <a 'java/lang/NoSuchMethodError'{0x00000007144f6fc0}: 'long java.lang.invoke.DirectMethodHandle$Holder.invokeSpecial(java.lang.Object, java.lang.Object)'> (0x00000007144f6fc0) 
thrown [s\open\src\hotspot\share\interpreter\linkResolver.cpp, line 805]
Event: 0.342 Thread 0x0000023d90abc340 Exception <a 'sun/nio/fs/WindowsException'{0x0000000714458ea8}> (0x0000000714458ea8) 
thrown [s\open\src\hotspot\share\prims\jni.cpp, line 518]
Event: 0.343 Thread 0x0000023d90abc340 Exception <a 'sun/nio/fs/WindowsException'{0x0000000714465da8}> (0x0000000714465da8) 
thrown [s\open\src\hotspot\share\prims\jni.cpp, line 518]
Event: 0.345 Thread 0x0000023d90abc340 Exception <a 'sun/nio/fs/WindowsException'{0x0000000714477c08}> (0x0000000714477c08) 
thrown [s\open\src\hotspot\share\prims\jni.cpp, line 518]

VM Operations (6 events):
Event: 0.340 Executing VM operation: HandshakeAllThreads (Deoptimize)
Event: 0.340 Executing VM operation: HandshakeAllThreads (Deoptimize) done
Event: 0.341 Executing VM operation: HandshakeAllThreads (Deoptimize)
Event: 0.341 Executing VM operation: HandshakeAllThreads (Deoptimize) done
Event: 0.359 Executing VM operation: JFRSafepointClear
Event: 0.359 Executing VM operation: JFRSafepointClear done

Memory protections (0 events):
No events

Nmethod flushes (0 events):
No events

Events (15 events):
Event: 0.086 Thread 0x0000023d90abc340 Thread added: 0x0000023d90abc340
Event: 0.093 Thread 0x0000023d90abc340 Thread added: 0x0000023d92c186e0
Event: 0.093 Thread 0x0000023d90abc340 Thread added: 0x0000023d92c1d030
Event: 0.093 Thread 0x0000023d90abc340 Thread added: 0x0000023d92c1e4e0
Event: 0.093 Thread 0x0000023d90abc340 Thread added: 0x0000023da79703b0
Event: 0.093 Thread 0x0000023d90abc340 Thread added: 0x0000023da7970ee0
Event: 0.093 Thread 0x0000023d90abc340 Thread added: 0x0000023da7973b50
Event: 0.093 Thread 0x0000023d90abc340 Thread added: 0x0000023da7974680
Event: 0.122 Thread 0x0000023da7974680 Thread added: 0x0000023da79ed3d0
Event: 0.130 Thread 0x0000023d90abc340 Thread added: 0x0000023da7aaf840
Event: 0.134 Thread 0x0000023da7974680 Thread added: 0x0000023da7ab9020
Event: 0.134 Thread 0x0000023da7974680 Thread added: 0x0000023da7ab97b0
Event: 0.195 Thread 0x0000023d90abc340 Thread added: 0x0000023ded1c7620
Event: 0.246 Thread 0x0000023d90abc340 Thread added: 0x0000023ded2dfb60
Event: 0.339 Thread 0x0000023d90abc340 Thread added: 0x0000023dee832220


Dynamic libraries:
0x00007ff77ff50000 - 0x00007ff77ff5e000 	C:\Users\Sivert\.jdks\openjdk-24\bin\java.exe
0x00007ff8111f0000 - 0x00007ff811407000 	C:\WINDOWS\SYSTEM32\ntdll.dll
0x00007ff810910000 - 0x00007ff8109d4000 	C:\WINDOWS\System32\KERNEL32.DLL
0x00007ff80e580000 - 0x00007ff80e951000 	C:\WINDOWS\System32\KERNELBASE.dll
0x00007ff80e3e0000 - 0x00007ff80e4f1000 	C:\WINDOWS\System32\ucrtbase.dll
0x00007ffff94c0000 - 0x00007ffff94d6000 	C:\Users\Sivert\.jdks\openjdk-24\bin\jli.dll
0x00007ffff92f0000 - 0x00007ffff930b000 	C:\Users\Sivert\.jdks\openjdk-24\bin\VCRUNTIME140.dll
0x00007ff8106f0000 - 0x00007ff8108a1000 	C:\WINDOWS\System32\USER32.dll
0x00007ff80edd0000 - 0x00007ff80edf6000 	C:\WINDOWS\System32\win32u.dll
0x00007ff800a70000 - 0x00007ff800d02000 	C:\WINDOWS\WinSxS\amd64_microsoft.windows.common-controls_6595b64144ccf1df_6.0.22621.4830_none_270fe7d773858e80\COMCTL32.dll
0x00007ff80f330000 - 0x00007ff80f359000 	C:\WINDOWS\System32\GDI32.dll
0x00007ff810640000 - 0x00007ff8106e7000 	C:\WINDOWS\System32\msvcrt.dll
0x00007ff80e960000 - 0x00007ff80ea7b000 	C:\WINDOWS\System32\gdi32full.dll
0x00007ff80ed30000 - 0x00007ff80edca000 	C:\WINDOWS\System32\msvcp_win.dll
0x00007ff80f2e0000 - 0x00007ff80f311000 	C:\WINDOWS\System32\IMM32.DLL
0x00007ffff9590000 - 0x00007ffff959c000 	C:\Users\Sivert\.jdks\openjdk-24\bin\vcruntime140_1.dll
0x00007fffec4d0000 - 0x00007fffec55e000 	C:\Users\Sivert\.jdks\openjdk-24\bin\msvcp140.dll
0x00007fff668e0000 - 0x00007fff67682000 	C:\Users\Sivert\.jdks\openjdk-24\bin\server\jvm.dll
0x00007ff810d60000 - 0x00007ff810e11000 	C:\WINDOWS\System32\ADVAPI32.dll
0x00007ff8109e0000 - 0x00007ff810a87000 	C:\WINDOWS\System32\sechost.dll
0x00007ff80e330000 - 0x00007ff80e358000 	C:\WINDOWS\System32\bcrypt.dll
0x00007ff810e20000 - 0x00007ff810f34000 	C:\WINDOWS\System32\RPCRT4.dll
0x00007ff810a90000 - 0x00007ff810b01000 	C:\WINDOWS\System32\WS2_32.dll
0x00007ff80d1c0000 - 0x00007ff80d20d000 	C:\WINDOWS\SYSTEM32\POWRPROF.dll
0x00007ff800fd0000 - 0x00007ff800fda000 	C:\WINDOWS\SYSTEM32\VERSION.dll
0x00007ff8053c0000 - 0x00007ff8053f4000 	C:\WINDOWS\SYSTEM32\WINMM.dll
0x00007ff80d180000 - 0x00007ff80d193000 	C:\WINDOWS\SYSTEM32\UMPDC.dll
0x00007ff80d430000 - 0x00007ff80d448000 	C:\WINDOWS\SYSTEM32\kernel.appcore.dll
0x00007ffff92e0000 - 0x00007ffff92ea000 	C:\Users\Sivert\.jdks\openjdk-24\bin\jimage.dll
0x00007ff80b8c0000 - 0x00007ff80baf2000 	C:\WINDOWS\SYSTEM32\DBGHELP.DLL
0x00007ff80ef50000 - 0x00007ff80f2e0000 	C:\WINDOWS\System32\combase.dll
0x00007ff80fc50000 - 0x00007ff80fd27000 	C:\WINDOWS\System32\OLEAUT32.dll
0x00007ff800010000 - 0x00007ff800042000 	C:\WINDOWS\SYSTEM32\dbgcore.DLL
0x00007ff80e360000 - 0x00007ff80e3db000 	C:\WINDOWS\System32\bcryptPrimitives.dll
0x00007ff804bf0000 - 0x00007ff804bff000 	C:\Users\Sivert\.jdks\openjdk-24\bin\instrument.dll
0x00007ffff92c0000 - 0x00007ffff92de000 	C:\Users\Sivert\.jdks\openjdk-24\bin\java.dll
0x00007ff8103f0000 - 0x00007ff810591000 	C:\WINDOWS\System32\ole32.dll
0x00007ff80f3c0000 - 0x00007ff80fc48000 	C:\WINDOWS\System32\SHELL32.dll
0x00007ff80ea80000 - 0x00007ff80ebbf000 	C:\WINDOWS\System32\wintypes.dll
0x00007fffa4950000 - 0x00007fffa4b5e000 	C:\Users\Sivert\AppData\Local\Temp\idea_libasyncProfiler_dll_temp_folder\libasyncProfiler.dll
0x00007ff80c250000 - 0x00007ff80cb5d000 	C:\WINDOWS\SYSTEM32\windows.storage.dll
0x00007ff810bc0000 - 0x00007ff810cca000 	C:\WINDOWS\System32\SHCORE.dll
0x00007ff8105a0000 - 0x00007ff8105fe000 	C:\WINDOWS\System32\shlwapi.dll
0x00007ff80e260000 - 0x00007ff80e28b000 	C:\WINDOWS\SYSTEM32\profapi.dll
0x00007ffff37d0000 - 0x00007ffff37e7000 	C:\Users\Sivert\.jdks\openjdk-24\bin\zip.dll
0x00007ffff92b0000 - 0x00007ffff92c0000 	C:\Users\Sivert\.jdks\openjdk-24\bin\net.dll
0x00007ff80d8a0000 - 0x00007ff80d90a000 	C:\WINDOWS\system32\mswsock.dll
0x00007ffff7830000 - 0x00007ffff7846000 	C:\Users\Sivert\.jdks\openjdk-24\bin\nio.dll
0x00007ffff92a0000 - 0x00007ffff92a9000 	C:\Users\Sivert\.jdks\openjdk-24\bin\extnet.dll

dbghelp: loaded successfully - version: 4.0.5 - missing functions: none
symbol engine: initialized successfully - sym options: 0x614 - pdb path: .;C:\Users\Sivert\.jdks\openjdk-24\bin;C:\WINDOWS\SYSTEM32;C:\WINDOWS\WinSxS\amd64_microsoft.windows.common-controls_6595b64144ccf1df_6.0.22621.4830_none_270fe7d773858e80;C:\Users\Sivert\.jdks\openjdk-24\bin\server;C:\Users\Sivert\AppData\Local\Temp\idea_libasyncProfiler_dll_temp_folder

VM Arguments:
jvm_args: -XX:TieredStopAtLevel=1 -Dspring.output.ansi.enabled=always -Dcom.sun.management.jmxremote -Dspring.jmx.enabled=true -Dspring.liveBeansView.mbeanDomain -Dspring.application.admin.enabled=true -Dmanagement.endpoints.jmx.exposure.include=* -javaagent:C:\Program Files\JetBrains\IntelliJ IDEA 2023.2.1\lib\idea_rt.jar=62460 -agentpath:C:\Users\Sivert\AppData\Local\Temp\idea_libasyncProfiler_dll_temp_folder\libasyncProfiler.dll=start,jfr,event=wall,interval=10ms,jfrsync=profile,cstack=no,file=C:\Users\Sivert\IdeaSnapshots\mappeAppWebApplication_2025_04_08_150751.jfr,dbghelppath=C:\Users\Sivert\AppData\Local\Temp\idea_dbghelp_dll_temp_folder\dbghelp.dll,log=C:\Users\Sivert\AppData\Local\Temp\mappeAppWebApplication_2025_04_08_150751.jfr.log.txt,logLevel=DEBUG -Dfile.encoding=UTF-8 -Dsun.stdout.encoding=UTF-8 -Dsun.stderr.encoding=UTF-8 
java_command: MappeAppWeb.mappeAppWebApplication
java_class_path (initial): C:\Users\Sivert\Skole\semester 4\WebAndApplication-group-18\MappeAppWeb\target\classes;C:\Users\Sivert\.m2\repository\org\springframework\boot\spring-boot-starter-web\3.2.8\spring-boot-starter-web-3.2.8.jar;C:\Users\Sivert\.m2\repository\org\springframework\boot\spring-boot-starter\3.2.8\spring-boot-starter-3.2.8.jar;C:\Users\Sivert\.m2\repository\org\springframework\boot\spring-boot\3.2.8\spring-boot-3.2.8.jar;C:\Users\Sivert\.m2\repository\org\springframework\boot\spring-boot-autoconfigure\3.2.8\spring-boot-autoconfigure-3.2.8.jar;C:\Users\Sivert\.m2\repository\org\springframework\boot\spring-boot-starter-logging\3.2.8\spring-boot-starter-logging-3.2.8.jar;C:\Users\Sivert\.m2\repository\ch\qos\logback\logback-classic\1.4.14\logback-classic-1.4.14.jar;C:\Users\Sivert\.m2\repository\ch\qos\logback\logback-core\1.4.14\logback-core-1.4.14.jar;C:\Users\Sivert\.m2\repository\org\apache\logging\log4j\log4j-to-slf4j\2.21.1\log4j-to-slf4j-2.21.1.jar;C:\Users\Sivert\.m2\repository\org\apache\logging\log4j\log4j-api\2.21.1\log4j-api-2.21.1.jar;C:\Users\Sivert\.m2\repository\org\slf4j\jul-to-slf4j\2.0.13\jul-to-slf4j-2.0.13.jar;C:\Users\Sivert\.m2\repository\jakarta\annotation\jakarta.annotation-api\2.1.1\jakarta.annotation-api-2.1.1.jar;C:\Users\Sivert\.m2\repository\org\springframework\spring-core\6.1.11\spring-core-6.1.11.jar;C:\Users\Sivert\.m2\repository\org\springframework\spring-jcl\6.1.11\spring-jcl-6.1.11.jar;C:\Users\Sivert\.m2\repository\org\yaml\snakeyaml\2.2\snakeyaml-2.2.jar;C:\Users\Sivert\.m2\repository\org\springframework\boot\spring-boot-starter-json\3.2.8\spring-boot-starter-json-3.2.8.jar;C:\Users\Sivert\.m2\repository\com\fasterxml\jackson\core\jackson-databind\2.15.4\jackson-databind-2.15.4.jar;C:\Users\Sivert\.m2\repository\com\fasterxml\jackson\core\jackson-annotations\2.15.4\jackson-annotations-2.15.4.jar;C:\Users\Sivert\.m2\repository\com\fasterxml\jackson\core\jackson-core\2.15.4\jackson-core-2.15.4.jar;C:\Users\Sivert\.m2\repository\com\fasterxml\jackson\datatype\jackson-datatype-jdk8\2.15.4\jackson-datatype-jdk8-2.15.4.jar;C:\Users\Sivert\.m2\repository\com\fasterxml\jackson\datatype\jackson-datatype-jsr310\2.15.4\jackson-datatype-jsr310-2.15.4.jar;C:\Users\Sivert\.m2\repository\com\fasterxml\jackson\module\jackson-module-parameter-names\2.15.4\jackson-module-parameter-names-2.15.4.jar;C:\Users\Sivert\.m2\repository\org\springframework\boot\spring-boot-starter-tomcat\3.2.8\spring-boot-starter-tomcat-3.2.8.jar;C:\Users\Sivert\.m2\repository\org\apache\tomcat\embed\tomcat-embed-core\10.1.26\tomcat-embed-core-10.1.26.jar;C:\Users\Sivert\.m2\repository\org\apache\tomcat\embed\tomcat-embed-el\10.1.26\tomcat-embed-el-10.1.26.jar;C:\Users\Sivert\.m2\repository\org\apache\tomcat\embed\tomcat-embed-websocket\10.1.26\tomcat-embed-websocket-10.1.26.jar;C:\Users\Sivert\.m2\repository\org\springframework\spring-web\6.1.11\spring-web-6.1.11.jar;C:\Users\Sivert\.m2\repository\org\springframework\spring-beans\6.1.11\spring-beans-6.1.11.jar;C:\Users\Sivert\.m2\repository\io\micrometer\micrometer-observation\1.12.8\micrometer-observation-1.12.8.jar;C:\Users\Sivert\.m2\repository\io\micrometer\micrometer-commons\1.12.8\micrometer-commons-1.12.8.jar;C:\Users\Sivert\.m2\repository\org\springframework\spring-webmvc\6.1.11\spring-webmvc-6.1.11.jar;C:\Users\Sivert\.m2\repository\org\springframework\spring-aop\6.1.11\spring-aop-6.1.11.jar;C:\Users\Sivert\.m2\repository\org\springframework\spring-context\6.1.11\spring-context-6.1.11.jar;C:\Users\Sivert\.m2\repository\org\springframework\spring-expression\6.1.11\spring-expression-6.1.11.jar;C:\Users\Sivert\.m2\repository\com\mysql\mysql-connector-j\8.3.0\mysql-connector-j-8.3.0.jar;C:\Users\Sivert\.m2\repository\org\springframework\boot\spring-boot-starter-data-jpa\3.2.8\spring-boot-starter-data-jpa-3.2.8.jar;C:\Users\Sivert\.m2\repository\org\springframework\boot\spring-boot-starter-aop\3.2.8\spring-boot-starter-aop-3.2.8.jar;C:\Users\Sivert\.m2\repository\org\aspectj\aspectjweaver\1.9.22.1\aspectjweaver-1.9.22.1.jar;C:\Users\Sivert\.m2\repository\org\springframework\boot\spring-boot-starter-jdbc\3.2.8\spring-boot-starter-jdbc-3.2.8.jar;C:\Users\Sivert\.m2\repository\com\zaxxer\HikariCP\5.0.1\HikariCP-5.0.1.jar;C:\Users\Sivert\.m2\repository\org\springframework\spring-jdbc\6.1.11\spring-jdbc-6.1.11.jar;C:\Users\Sivert\.m2\repository\org\hibernate\orm\hibernate-core\6.4.9.Final\hibernate-core-6.4.9.Final.jar;C:\Users\Sivert\.m2\repository\jakarta\persistence\jakarta.persistence-api\3.1.0\jakarta.persistence-api-3.1.0.jar;C:\Users\Sivert\.m2\repository\jakarta\transaction\jakarta.transaction-api\2.0.1\jakarta.transaction-api-2.0.1.jar;C:\Users\Sivert\.m2\repository\org\jboss\logging\jboss-logging\3.5.3.Final\jboss-logging-3.5.3.Final.jar;C:\Users\Sivert\.m2\repository\org\hibernate\common\hibernate-commons-annotations\6.0.6.Final\hibernate-commons-annotations-6.0.6.Final.jar;C:\Users\Sivert\.m2\repository\io\smallrye\jandex\3.1.2\jandex-3.1.2.jar;C:\Users\Sivert\.m2\repository\com\fasterxml\classmate\1.6.0\classmate-1.6.0.jar;C:\Users\Sivert\.m2\repository\net\bytebuddy\byte-buddy\1.14.18\byte-buddy-1.14.18.jar;C:\Users\Sivert\.m2\repository\jakarta\xml\bind\jakarta.xml.bind-api\4.0.2\jakarta.xml.bind-api-4.0.2.jar;C:\Users\Sivert\.m2\repository\jakarta\activation\jakarta.activation-api\2.1.3\jakarta.activation-api-2.1.3.jar;C:\Users\Sivert\.m2\repository\org\glassfish\jaxb\jaxb-runtime\4.0.5\jaxb-runtime-4.0.5.jar;C:\Users\Sivert\.m2\repository\org\glassfish\jaxb\jaxb-core\4.0.5\jaxb-core-4.0.5.jar;C:\Users\Sivert\.m2\repository\org\eclipse\angus\angus-activation\2.0.2\angus-activation-2.0.2.jar;C:\Users\Sivert\.m2\repository\org\glassfish\jaxb\txw2\4.0.5\txw2-4.0.5.jar;C:\Users\Sivert\.m2\repository\com\sun\istack\istack-commons-runtime\4.1.2\istack-commons-runtime-4.1.2.jar;C:\Users\Sivert\.m2\repository\jakarta\inject\jakarta.inject-api\2.0.1\jakarta.inject-api-2.0.1.jar;C:\Users\Sivert\.m2\repository\org\antlr\antlr4-runtime\4.13.0\antlr4-runtime-4.13.0.jar;C:\Users\Sivert\.m2\repository\org\springframework\data\spring-data-jpa\3.2.8\spring-data-jpa-3.2.8.jar;C:\Users\Sivert\.m2\repository\org\springframework\data\spring-data-commons\3.2.8\spring-data-commons-3.2.8.jar;C:\Users\Sivert\.m2\repository\org\springframework\spring-orm\6.1.11\spring-orm-6.1.11.jar;C:\Users\Sivert\.m2\repository\org\springframework\spring-tx\6.1.11\spring-tx-6.1.11.jar;C:\Users\Sivert\.m2\repository\org\slf4j\slf4j-api\2.0.13\slf4j-api-2.0.13.jar;C:\Users\Sivert\.m2\repository\org\springframework\spring-aspects\6.1.11\spring-aspects-6.1.11.jar;C:\Users\Sivert\.m2\repository\org\apache\derby\derby\10.17.1.0\derby-10.17.1.0.jar;C:\Users\Sivert\.m2\repository\org\apache\derby\derbyshared\10.16.1.1\derbyshared-10.16.1.1.jar
Launcher Type: SUN_STANDARD

[Global flags]
     intx CICompilerCount                          = 12                                        {product} {ergonomic}
     uint ConcGCThreads                            = 3                                         {product} {ergonomic}
     bool FlightRecorder                           = true                                      {product} {management}
     uint G1ConcRefinementThreads                  = 13                                        {product} {ergonomic}
   size_t G1HeapRegionSize                         = 2097152                                   {product} {ergonomic}
   size_t InitialHeapSize                          = 264241152                                 {product} {ergonomic}
     bool ManagementServer                         = true                                      {product} {command line}
   size_t MarkStackSize                            = 4194304                                   {product} {ergonomic}
   size_t MarkStackSizeMax                         = 536870912                                 {product} {ergonomic}
   size_t MaxHeapSize                              = 4196401152                                {product} {ergonomic}
   size_t MaxNewSize                               = 2516582400                                {product} {ergonomic}
   size_t MinHeapDeltaBytes                        = 2097152                                   {product} {ergonomic}
   size_t MinHeapSize                              = 8388608                                   {product} {ergonomic}
    uintx NonNMethodCodeHeapSize                   = 4096                                   {pd product} {ergonomic}
    uintx NonProfiledCodeHeapSize                  = 0                                      {pd product} {ergonomic}
     bool ProfileInterpreter                       = false                                  {pd product} {command line}
    uintx ProfiledCodeHeapSize                     = 0                                      {pd product} {ergonomic}
   size_t SoftMaxHeapSize                          = 4196401152                             {manageable} {ergonomic}
     intx TieredStopAtLevel                        = 1                                         {product} {command line}
     bool UseCompressedOops                        = true                           {product lp64_product} {ergonomic}
     bool UseG1GC                                  = true                                      {product} {ergonomic}
     bool UseLargePagesIndividualAllocation        = false                                  {pd product} {ergonomic}

Logging:
Log output configuration:
 #0: stdout all=warning uptime,level,tags foldmultilines=false
 #1: stderr all=off uptime,level,tags foldmultilines=false

Environment Variables:
PATH=C:\Program Files (x86)\NVIDIA Corporation\PhysX\Common;C:\WINDOWS\system32;C:\WINDOWS;C:\WINDOWS\System32\Wbem;C:\WINDOWS\System32\WindowsPowerShell\v1.0\;C:\WINDOWS\System32\OpenSSH\;C:\Program Files\Docker\Docker\resources\bin;C:\Program Files\Git\cmd;C:\Program Files\nodejs\;C:\Program Files\PuTTY\;C:\Users\Sivert\AppData\Local\Microsoft\WindowsApps;;C:\Users\Sivert\AppData\Local\Programs\Microsoft VS Code\bin;C:\Users\Sivert\AppData\Roaming\npm
USERNAME=Sivert
OS=Windows_NT
PROCESSOR_IDENTIFIER=Intel64 Family 6 Model 154 Stepping 3, GenuineIntel
TMP=C:\Users\Sivert\AppData\Local\Temp
TEMP=C:\Users\Sivert\AppData\Local\Temp




Periodic native trim disabled

---------------  S Y S T E M  ---------------

OS:
 Windows 11 , 64 bit Build 22621 (10.0.22621.4974)
OS uptime: 8 days 0:35 hours
Hyper-V role detected

CPU: total 16 (initial active 16) (8 cores per cpu, 2 threads per core) family 6 model 154 stepping 3 microcode 0x41b, cx8, cmov, fxsr, ht, mmx, 3dnowpref, sse, sse2, sse3, ssse3, sse4.1, sse4.2, popcnt, lzcnt, tsc, tscinvbit, avx, avx2, aes, erms, clmul, bmi1, bmi2, adx, sha, fma, vzeroupper, clflush, clflushopt, clwb, hv, serialize, rdtscp, rdpid, fsrm, gfni, f16c, cet_ibt, cet_ss
Processor Information for processor 0
  Max Mhz: 2500, Current Mhz: 2500, Mhz Limit: 2500
Processor Information for processor 1
  Max Mhz: 2500, Current Mhz: 2500, Mhz Limit: 2500
Processor Information for processor 2
  Max Mhz: 2500, Current Mhz: 2500, Mhz Limit: 2500
Processor Information for processor 3
  Max Mhz: 2500, Current Mhz: 2500, Mhz Limit: 2500
Processor Information for processor 4
  Max Mhz: 2500, Current Mhz: 2500, Mhz Limit: 2500
Processor Information for processor 5
  Max Mhz: 2500, Current Mhz: 2500, Mhz Limit: 2500
Processor Information for processor 6
  Max Mhz: 2500, Current Mhz: 2500, Mhz Limit: 2500
Processor Information for processor 7
  Max Mhz: 2500, Current Mhz: 2500, Mhz Limit: 2500
Processor Information for processor 8
  Max Mhz: 2500, Current Mhz: 1800, Mhz Limit: 1800
Processor Information for processor 9
  Max Mhz: 2500, Current Mhz: 1800, Mhz Limit: 1800
Processor Information for processor 10
  Max Mhz: 2500, Current Mhz: 1500, Mhz Limit: 1800
Processor Information for processor 11
  Max Mhz: 2500, Current Mhz: 1800, Mhz Limit: 1800
Processor Information for processor 12
  Max Mhz: 2500, Current Mhz: 1800, Mhz Limit: 1800
Processor Information for processor 13
  Max Mhz: 2500, Current Mhz: 1800, Mhz Limit: 1800
Processor Information for processor 14
  Max Mhz: 2500, Current Mhz: 1800, Mhz Limit: 1800
Processor Information for processor 15
  Max Mhz: 2500, Current Mhz: 1800, Mhz Limit: 1800

Memory: 4k page, system-wide physical 16007M (2849M free)
TotalPageFile size 35251M (AvailPageFile size 14616M)
current process WorkingSet (physical memory assigned to process): 74M, peak: 74M
current process commit charge ("private bytes"): 388M, peak: 388M

vm_info: OpenJDK 64-Bit Server VM (24+36-3646) for windows-amd64 JRE (24+36-3646), built on 2025-02-06T00:20:43Z with MS VC++ 17.6 (VS2022)

END.
